<?xml version="1.0" encoding="UTF-8"?>
<!-- Generated by org.testng.reporters.JUnitReportReporter -->
<testsuite hostname="DESKTOP-34TIV3Q" failures="0" tests="1" name="ru.skillfactory.qajava.AppTest" time="0.037" errors="0" timestamp="2024-07-22T09:20:52 MSK" skipped="0">
  <testcase classname="ru.skillfactory.qajava.AppTest" name="testApp" time="0.037"/>
  <system-out/>
</testsuite> <!-- ru.skillfactory.qajava.AppTest -->
